2025-07-23 08:48:55,241 - INFO - main - === INICIANDO MENUOPTIMIZER v10.0 ===
2025-07-23 08:48:57,038 - INFO - database_manager - Intentando conectar a la base de datos 'menu_optimizer_db' en host 'localhost'...
2025-07-23 08:48:57,127 - INFO - main - Conexión a base de datos exitosa. 130 platos disponibles.
2025-07-23 08:48:57,128 - INFO - main - Cargando catálogo de platos y técnicas culinarias...
2025-07-23 08:48:57,128 - INFO - database_manager - Intentando conectar a la base de datos 'menu_optimizer_db' en host 'localhost'...
2025-07-23 08:48:57,133 - INFO - database_manager - Conexión a la base de datos exitosa.
2025-07-23 08:48:57,265 - INFO - database_manager - Carga completa. Se cargaron 300 ingredientes y 130 platos.
2025-07-23 08:48:57,265 - INFO - main - Base de conocimiento cargada: 130 platos, 43 técnicas
2025-07-23 08:48:57,822 - INFO - main_window - Ventana principal inicializada correctamente
2025-07-23 08:48:57,822 - INFO - main - Aplicación iniciada exitosamente
2025-07-23 08:49:38,667 - INFO - main_window - Status: Iniciando optimización...
2025-07-23 08:49:38,667 - INFO - main_window - === INICIANDO FILTRADO DE CATÁLOGO ===
2025-07-23 08:49:38,667 - INFO - main_window - Catálogo inicial: 130 platos
2025-07-23 08:49:38,688 - INFO - main_window - === RESUMEN DE FILTRADO ===
2025-07-23 08:49:38,689 - INFO - main_window - Platos aceptados: 38
2025-07-23 08:49:38,689 - INFO - main_window - Platos rechazados: 92
2025-07-23 08:49:38,689 - INFO - main_window -   - tecnicas_faltantes: 53 platos
2025-07-23 08:49:38,689 - INFO - main_window -   - estaciones_faltantes: 31 platos
2025-07-23 08:49:38,689 - INFO - main_window -   - costo_excesivo: 8 platos
2025-07-23 08:49:38,815 - INFO - main_window - Status: Ejecutando algoritmo genético...
2025-07-23 08:49:38,818 - INFO - genetic_algorithm_v2 - Ejecutando búsqueda de solución 1
2025-07-23 08:49:38,818 - INFO - genetic_algorithm_v2 - Iniciando evolución del algoritmo genético
2025-07-23 08:49:38,828 - INFO - genetic_algorithm_v2 - Población inicial creada: 150 individuos
2025-07-23 08:49:38,953 - INFO - genetic_algorithm_v2 - Generación 0: Mejor fitness=0.4459, Promedio=0.4081, Diversidad=0.0127
2025-07-23 08:49:40,351 - INFO - genetic_algorithm_v2 - Generación 25: Mejor fitness=0.6728, Promedio=0.6255, Diversidad=0.0123
2025-07-23 08:49:41,890 - INFO - genetic_algorithm_v2 - Generación 50: Mejor fitness=0.6746, Promedio=0.6689, Diversidad=0.0093
2025-07-23 08:49:43,485 - INFO - genetic_algorithm_v2 - Generación 75: Mejor fitness=0.6746, Promedio=0.6694, Diversidad=0.0093
2025-07-23 08:49:45,345 - INFO - genetic_algorithm_v2 - Generación 100: Mejor fitness=0.6746, Promedio=0.6644, Diversidad=0.0103
2025-07-23 08:49:47,594 - INFO - genetic_algorithm_v2 - Generación 125: Mejor fitness=0.6746, Promedio=0.6681, Diversidad=0.0107
2025-07-23 08:49:50,301 - INFO - genetic_algorithm_v2 - Generación 150: Mejor fitness=0.6746, Promedio=0.6688, Diversidad=0.0100
2025-07-23 08:49:52,793 - INFO - genetic_algorithm_v2 - Generación 175: Mejor fitness=0.6746, Promedio=0.6671, Diversidad=0.0103
2025-07-23 08:49:55,159 - INFO - genetic_algorithm_v2 - Generación 200: Mejor fitness=0.6746, Promedio=0.6610, Diversidad=0.0110
2025-07-23 08:49:57,527 - INFO - genetic_algorithm_v2 - Generación 225: Mejor fitness=0.6746, Promedio=0.6687, Diversidad=0.0093
2025-07-23 08:49:59,832 - INFO - genetic_algorithm_v2 - Evolución completada. Mejor fitness: 0.6746
2025-07-23 08:49:59,832 - INFO - genetic_algorithm_v2 - Solución única 1 encontrada con fitness: 0.6746
2025-07-23 08:49:59,838 - INFO - genetic_algorithm_v2 - Ejecutando búsqueda de solución 2
2025-07-23 08:49:59,838 - INFO - genetic_algorithm_v2 - Iniciando evolución del algoritmo genético
2025-07-23 08:49:59,846 - INFO - genetic_algorithm_v2 - Población inicial creada: 150 individuos
2025-07-23 08:49:59,943 - INFO - genetic_algorithm_v2 - Generación 0: Mejor fitness=0.4449, Promedio=0.4092, Diversidad=0.0127
2025-07-23 08:50:02,468 - INFO - genetic_algorithm_v2 - Generación 25: Mejor fitness=0.6517, Promedio=0.6244, Diversidad=0.0113
2025-07-23 08:50:05,111 - INFO - genetic_algorithm_v2 - Generación 50: Mejor fitness=0.6683, Promedio=0.6548, Diversidad=0.0117
2025-07-23 08:50:06,961 - INFO - genetic_algorithm_v2 - Generación 75: Mejor fitness=0.6746, Promedio=0.6602, Diversidad=0.0103
2025-07-23 08:50:08,644 - INFO - genetic_algorithm_v2 - Generación 100: Mejor fitness=0.6746, Promedio=0.6656, Diversidad=0.0103
2025-07-23 08:50:10,264 - INFO - genetic_algorithm_v2 - Generación 125: Mejor fitness=0.6746, Promedio=0.6692, Diversidad=0.0100
2025-07-23 08:50:12,079 - INFO - genetic_algorithm_v2 - Generación 150: Mejor fitness=0.6746, Promedio=0.6659, Diversidad=0.0083
2025-07-23 08:50:13,741 - INFO - genetic_algorithm_v2 - Generación 175: Mejor fitness=0.6746, Promedio=0.6712, Diversidad=0.0087
2025-07-23 08:50:15,730 - INFO - genetic_algorithm_v2 - Generación 200: Mejor fitness=0.6746, Promedio=0.6681, Diversidad=0.0103
2025-07-23 08:50:18,116 - INFO - genetic_algorithm_v2 - Generación 225: Mejor fitness=0.6746, Promedio=0.6611, Diversidad=0.0117
2025-07-23 08:50:20,064 - INFO - genetic_algorithm_v2 - Evolución completada. Mejor fitness: 0.6746
2025-07-23 08:50:20,064 - INFO - genetic_algorithm_v2 - Ejecutando búsqueda de solución 3
2025-07-23 08:50:20,064 - INFO - genetic_algorithm_v2 - Iniciando evolución del algoritmo genético
2025-07-23 08:50:20,070 - INFO - genetic_algorithm_v2 - Población inicial creada: 150 individuos
2025-07-23 08:50:20,175 - INFO - genetic_algorithm_v2 - Generación 0: Mejor fitness=0.4453, Promedio=0.4098, Diversidad=0.0127
2025-07-23 08:50:22,282 - INFO - genetic_algorithm_v2 - Generación 25: Mejor fitness=0.6568, Promedio=0.6090, Diversidad=0.0127
2025-07-23 08:50:24,271 - INFO - genetic_algorithm_v2 - Generación 50: Mejor fitness=0.6677, Promedio=0.6619, Diversidad=0.0097
2025-07-23 08:50:26,295 - INFO - genetic_algorithm_v2 - Generación 75: Mejor fitness=0.6728, Promedio=0.6633, Diversidad=0.0103
2025-07-23 08:50:28,437 - INFO - genetic_algorithm_v2 - Generación 100: Mejor fitness=0.6728, Promedio=0.6575, Diversidad=0.0110
2025-07-23 08:50:30,517 - INFO - genetic_algorithm_v2 - Generación 125: Mejor fitness=0.6728, Promedio=0.6642, Diversidad=0.0093
2025-07-23 08:50:32,691 - INFO - genetic_algorithm_v2 - Generación 150: Mejor fitness=0.6746, Promedio=0.6639, Diversidad=0.0090
2025-07-23 08:50:34,599 - INFO - genetic_algorithm_v2 - Generación 175: Mejor fitness=0.6746, Promedio=0.6653, Diversidad=0.0113
2025-07-23 08:50:36,416 - INFO - genetic_algorithm_v2 - Generación 200: Mejor fitness=0.6746, Promedio=0.6600, Diversidad=0.0120
2025-07-23 08:50:38,257 - INFO - genetic_algorithm_v2 - Generación 225: Mejor fitness=0.6746, Promedio=0.6668, Diversidad=0.0097
2025-07-23 08:50:40,190 - INFO - genetic_algorithm_v2 - Evolución completada. Mejor fitness: 0.6746
2025-07-23 08:50:40,191 - INFO - genetic_algorithm_v2 - Ejecutando búsqueda de solución 4
2025-07-23 08:50:40,191 - INFO - genetic_algorithm_v2 - Iniciando evolución del algoritmo genético
2025-07-23 08:50:40,200 - INFO - genetic_algorithm_v2 - Población inicial creada: 150 individuos
2025-07-23 08:50:40,349 - INFO - genetic_algorithm_v2 - Generación 0: Mejor fitness=0.4488, Promedio=0.4094, Diversidad=0.0127
2025-07-23 08:50:42,444 - INFO - genetic_algorithm_v2 - Generación 25: Mejor fitness=0.6746, Promedio=0.6047, Diversidad=0.0127
2025-07-23 08:50:44,177 - INFO - genetic_algorithm_v2 - Generación 50: Mejor fitness=0.6746, Promedio=0.6629, Diversidad=0.0117
2025-07-23 08:50:45,526 - INFO - genetic_algorithm_v2 - Generación 75: Mejor fitness=0.6746, Promedio=0.6669, Diversidad=0.0107
2025-07-23 08:50:47,070 - INFO - genetic_algorithm_v2 - Generación 100: Mejor fitness=0.6746, Promedio=0.6644, Diversidad=0.0107
2025-07-23 08:50:48,409 - INFO - genetic_algorithm_v2 - Generación 125: Mejor fitness=0.6746, Promedio=0.6613, Diversidad=0.0110
2025-07-23 08:50:49,776 - INFO - genetic_algorithm_v2 - Generación 150: Mejor fitness=0.6746, Promedio=0.6676, Diversidad=0.0107
2025-07-23 08:50:51,125 - INFO - genetic_algorithm_v2 - Generación 175: Mejor fitness=0.6746, Promedio=0.6699, Diversidad=0.0097
2025-07-23 08:50:52,467 - INFO - genetic_algorithm_v2 - Generación 200: Mejor fitness=0.6746, Promedio=0.6645, Diversidad=0.0100
2025-07-23 08:50:53,810 - INFO - genetic_algorithm_v2 - Generación 225: Mejor fitness=0.6746, Promedio=0.6659, Diversidad=0.0100
2025-07-23 08:50:55,152 - INFO - genetic_algorithm_v2 - Evolución completada. Mejor fitness: 0.6746
2025-07-23 08:50:55,152 - INFO - genetic_algorithm_v2 - Ejecutando búsqueda de solución 5
2025-07-23 08:50:55,152 - INFO - genetic_algorithm_v2 - Iniciando evolución del algoritmo genético
2025-07-23 08:50:55,162 - INFO - genetic_algorithm_v2 - Población inicial creada: 150 individuos
2025-07-23 08:50:55,206 - INFO - genetic_algorithm_v2 - Generación 0: Mejor fitness=0.4435, Promedio=0.4095, Diversidad=0.0127
2025-07-23 08:50:56,607 - INFO - genetic_algorithm_v2 - Generación 25: Mejor fitness=0.6683, Promedio=0.6318, Diversidad=0.0127
2025-07-23 08:50:57,961 - INFO - genetic_algorithm_v2 - Generación 50: Mejor fitness=0.6683, Promedio=0.6619, Diversidad=0.0093
2025-07-23 08:50:59,309 - INFO - genetic_algorithm_v2 - Generación 75: Mejor fitness=0.6683, Promedio=0.6595, Diversidad=0.0110
2025-07-23 08:51:00,666 - INFO - genetic_algorithm_v2 - Generación 100: Mejor fitness=0.6683, Promedio=0.6657, Diversidad=0.0087
2025-07-23 08:51:02,050 - INFO - genetic_algorithm_v2 - Generación 125: Mejor fitness=0.6683, Promedio=0.6585, Diversidad=0.0103
2025-07-23 08:51:03,430 - INFO - genetic_algorithm_v2 - Generación 150: Mejor fitness=0.6683, Promedio=0.6568, Diversidad=0.0113
2025-07-23 08:51:04,785 - INFO - genetic_algorithm_v2 - Generación 175: Mejor fitness=0.6683, Promedio=0.6554, Diversidad=0.0113
2025-07-23 08:51:06,126 - INFO - genetic_algorithm_v2 - Generación 200: Mejor fitness=0.6683, Promedio=0.6530, Diversidad=0.0107
2025-07-23 08:51:07,489 - INFO - genetic_algorithm_v2 - Generación 225: Mejor fitness=0.6683, Promedio=0.6641, Diversidad=0.0093
2025-07-23 08:51:08,783 - INFO - genetic_algorithm_v2 - Evolución completada. Mejor fitness: 0.6683
2025-07-23 08:51:08,783 - INFO - genetic_algorithm_v2 - Solución única 2 encontrada con fitness: 0.6683
2025-07-23 08:51:08,783 - INFO - genetic_algorithm_v2 - Ejecutando búsqueda de solución 6
2025-07-23 08:51:08,783 - INFO - genetic_algorithm_v2 - Iniciando evolución del algoritmo genético
2025-07-23 08:51:08,790 - INFO - genetic_algorithm_v2 - Población inicial creada: 150 individuos
2025-07-23 08:51:08,838 - INFO - genetic_algorithm_v2 - Generación 0: Mejor fitness=0.4468, Promedio=0.4083, Diversidad=0.0127
2025-07-23 08:51:10,264 - INFO - genetic_algorithm_v2 - Generación 25: Mejor fitness=0.6660, Promedio=0.5149, Diversidad=0.0127
2025-07-23 08:51:11,628 - INFO - genetic_algorithm_v2 - Generación 50: Mejor fitness=0.6728, Promedio=0.6650, Diversidad=0.0103
2025-07-23 08:51:12,978 - INFO - genetic_algorithm_v2 - Generación 75: Mejor fitness=0.6746, Promedio=0.6696, Diversidad=0.0080
2025-07-23 08:51:14,301 - INFO - genetic_algorithm_v2 - Generación 100: Mejor fitness=0.6746, Promedio=0.6701, Diversidad=0.0100
2025-07-23 08:51:15,648 - INFO - genetic_algorithm_v2 - Generación 125: Mejor fitness=0.6746, Promedio=0.6622, Diversidad=0.0107
2025-07-23 08:51:16,997 - INFO - genetic_algorithm_v2 - Generación 150: Mejor fitness=0.6746, Promedio=0.6672, Diversidad=0.0107
2025-07-23 08:51:18,346 - INFO - genetic_algorithm_v2 - Generación 175: Mejor fitness=0.6746, Promedio=0.6701, Diversidad=0.0087
2025-07-23 08:51:19,689 - INFO - genetic_algorithm_v2 - Generación 200: Mejor fitness=0.6746, Promedio=0.6637, Diversidad=0.0113
2025-07-23 08:51:21,027 - INFO - genetic_algorithm_v2 - Generación 225: Mejor fitness=0.6746, Promedio=0.6671, Diversidad=0.0100
2025-07-23 08:51:22,311 - INFO - genetic_algorithm_v2 - Evolución completada. Mejor fitness: 0.6746
2025-07-23 08:51:22,316 - INFO - genetic_algorithm_v2 - Generadas 2 soluciones únicas
2025-07-23 08:51:24,156 - INFO - main_window - Status: Optimización completada - 2 soluciones encontradas
2025-07-23 08:53:16,634 - INFO - main - Cerrando aplicación...
2025-07-23 08:53:20,919 - INFO - main - Aplicación interrumpida por usuario
2025-07-23 08:53:20,919 - INFO - main - === FINALIZANDO MENUOPTIMIZER ===
